C:\USERS\HILCHENBACHC\DOCUMENTS\VCPROJEKTE\BRWATCH\BRWATCH\BRWATCH.EXE
C:\USERS\HILCHENBACHC\DOCUMENTS\VCPROJEKTE\BRWATCH\BRWATCH\RELEASE\BRWATCH.EXE.INTERMEDIATE.MANIFEST
C:\Users\hilchenbachc\Documents\vcprojekte\brwatch\brwatch\Release\cl.command.1.tlog
C:\Users\hilchenbachc\Documents\vcprojekte\brwatch\brwatch\Release\CL.read.1.tlog
C:\Users\hilchenbachc\Documents\vcprojekte\brwatch\brwatch\Release\CL.write.1.tlog
C:\USERS\HILCHENBACHC\DOCUMENTS\VCPROJEKTE\BRWATCH\BRWATCH\RELEASE\CPUSEARCH.OBJ
C:\USERS\HILCHENBACHC\DOCUMENTS\VCPROJEKTE\BRWATCH\BRWATCH\RELEASE\DLG_ABOUT.OBJ
C:\USERS\HILCHENBACHC\DOCUMENTS\VCPROJEKTE\BRWATCH\BRWATCH\RELEASE\DLG_AXTRACECONFIG.OBJ
C:\USERS\HILCHENBACHC\DOCUMENTS\VCPROJEKTE\BRWATCH\BRWATCH\RELEASE\DLG_SHOWPVIOBJECTS.OBJ
C:\USERS\HILCHENBACHC\DOCUMENTS\VCPROJEKTE\BRWATCH\BRWATCH\RELEASE\DLG_WRITEPVAR.OBJ
C:\USERS\HILCHENBACHC\DOCUMENTS\VCPROJEKTE\BRWATCH\BRWATCH\RELEASE\IPHLP.OBJ
C:\Users\hilchenbachc\Documents\vcprojekte\brwatch\brwatch\Release\link.command.1.tlog
C:\Users\hilchenbachc\Documents\vcprojekte\brwatch\brwatch\Release\link.read.1.tlog
C:\Users\hilchenbachc\Documents\vcprojekte\brwatch\brwatch\Release\link.write.1.tlog
C:\Users\hilchenbachc\Documents\vcprojekte\brwatch\brwatch\Release\link-cvtres.read.1.tlog
C:\Users\hilchenbachc\Documents\vcprojekte\brwatch\brwatch\Release\link-cvtres.write.1.tlog
C:\USERS\HILCHENBACHC\DOCUMENTS\VCPROJEKTE\BRWATCH\BRWATCH\RELEASE\LOGGER.OBJ
C:\USERS\HILCHENBACHC\DOCUMENTS\VCPROJEKTE\BRWATCH\BRWATCH\RELEASE\MAIN.OBJ
C:\USERS\HILCHENBACHC\DOCUMENTS\VCPROJEKTE\BRWATCH\BRWATCH\RELEASE\MAIN.RES
C:\Users\hilchenbachc\Documents\vcprojekte\brwatch\brwatch\Release\mt.command.1.tlog
C:\Users\hilchenbachc\Documents\vcprojekte\brwatch\brwatch\Release\mt.read.1.tlog
C:\Users\hilchenbachc\Documents\vcprojekte\brwatch\brwatch\Release\mt.write.1.tlog
C:\USERS\HILCHENBACHC\DOCUMENTS\VCPROJEKTE\BRWATCH\BRWATCH\RELEASE\MYLISTVIEW.OBJ
C:\USERS\HILCHENBACHC\DOCUMENTS\VCPROJEKTE\BRWATCH\BRWATCH\RELEASE\MYTREEVIEW.OBJ
C:\USERS\HILCHENBACHC\DOCUMENTS\VCPROJEKTE\BRWATCH\BRWATCH\RELEASE\PING.OBJ
C:\USERS\HILCHENBACHC\DOCUMENTS\VCPROJEKTE\BRWATCH\BRWATCH\RELEASE\PLOT.OBJ
C:\USERS\HILCHENBACHC\DOCUMENTS\VCPROJEKTE\BRWATCH\BRWATCH\RELEASE\PVI_INTERFACE.OBJ
C:\Users\hilchenbachc\Documents\vcprojekte\brwatch\brwatch\Release\rc.command.1.tlog
C:\Users\hilchenbachc\Documents\vcprojekte\brwatch\brwatch\Release\rc.read.1.tlog
C:\Users\hilchenbachc\Documents\vcprojekte\brwatch\brwatch\Release\rc.write.1.tlog
C:\USERS\HILCHENBACHC\DOCUMENTS\VCPROJEKTE\BRWATCH\BRWATCH\RELEASE\SETTINGS.OBJ
C:\USERS\HILCHENBACHC\DOCUMENTS\VCPROJEKTE\BRWATCH\BRWATCH\RELEASE\STRINGTOOLS.OBJ
C:\USERS\HILCHENBACHC\DOCUMENTS\VCPROJEKTE\BRWATCH\BRWATCH\RELEASE\VC100.PDB
C:\USERS\HILCHENBACHC\DOCUMENTS\VCPROJEKTE\BRWATCH\BRWATCH\RELEASE\ZIP.OBJ
