Build started 11.05.2013 12:02:01.
     1>Project "C:\Users\hilchenbachc\Documents\vcprojekte\brwatch\brwatch\brwatch.vcxproj" on node 2 (rebuild target(s)).
     1>_PrepareForClean:
         Deleting file "Release\brwatch.lastbuildstate".
       InitializeBuildStatus:
         Creating "Release\brwatch.unsuccessfulbuild" because "AlwaysCreate" was specified.
       ClCompile:
         c:\Program Files (x86)\Microsoft Visual Studio 10.0\VC\bin\CL.exe /c /Zi /nologo /W3 /WX- /Ox /Oy- /D WIN32 /D NDEBUG /D _WINDOWS /D _VC80_UPGRADE=0x0710 /D _MBCS /Gm- /EHsc /MT /GS /fp:precise /Zc:wchar_t /Zc:forScope /Fo"Release\\" /Fd"Release\vc100.pdb" /Gd /TC /analyze- /errorReport:prompt source\cpusearch.c source\dlg_about.c source\dlg_axtraceconfig.c source\dlg_showpviobjects.c source\dlg_writepvar.c source\iphlp.c source\logger.c source\main.c source\mylistview.c source\mytreeview.c source\ping.c source\plot.c source\pvi_interface.c source\settings.c source\stringtools.c source\zip.c
         cpusearch.c
         dlg_about.c
         dlg_axtraceconfig.c
         dlg_showpviobjects.c
         dlg_writepvar.c
         iphlp.c
         logger.c
         main.c
         mylistview.c
         mytreeview.c
         ping.c
         plot.c
         pvi_interface.c
         settings.c
         stringtools.c
         zip.c
         Generating Code...
       ResourceCompile:
         C:\Program Files (x86)\Microsoft SDKs\Windows\v7.0A\bin\rc.exe /D _VC80_UPGRADE=0x0710 /l"0x0409" /nologo /fo"Release\main.res" source\main.rc 
     1>c:\Program Files (x86)\Microsoft Visual Studio 10.0\VC\include\string.h(54): warning RC4011: identifier truncated to '_CRT_SECURE_CPP_OVERLOAD_STANDA'
         
     1>c:\Program Files (x86)\Microsoft Visual Studio 10.0\VC\include\string.h(76): warning RC4011: identifier truncated to '_CRT_SECURE_CPP_OVERLOAD_SECURE'
         
     1>C:\Program Files (x86)\MSBuild\Microsoft.Cpp\v4.0\Microsoft.CppBuild.targets(990,5): warning MSB8012: TargetPath(C:\Users\hilchenbachc\Documents\vcprojekte\brwatch\brwatch\Release\brwatch.exe) does not match the Linker's OutputFile property value (C:\Users\hilchenbachc\Documents\vcprojekte\brwatch\brwatch\brwatch.exe). This may cause your project to build incorrectly. To correct this, please make sure that $(OutDir), $(TargetName) and $(TargetExt) property values match the value specified in %(Link.OutputFile).
       Link:
         c:\Program Files (x86)\Microsoft Visual Studio 10.0\VC\bin\link.exe /ERRORREPORT:PROMPT /OUT:"C:\Users\hilchenbachc\Documents\vcprojekte\brwatch\brwatch\/brwatch.exe" /INCREMENTAL:NO /NOLOGO ws2_32.lib pvicom.lib comctl32.lib Iphlpapi.lib zlib.lib kernel32.lib user32.lib gdi32.lib winspool.lib comdlg32.lib advapi32.lib shell32.lib ole32.lib oleaut32.lib uuid.lib odbc32.lib odbccp32.lib /MANIFEST /ManifestFile:"Release\brwatch.exe.intermediate.manifest" /MANIFESTUAC:"level='asInvoker' uiAccess='false'" /PDB:"C:\Users\hilchenbachc\Documents\vcprojekte\brwatch\brwatch\Release\brwatch.pdb" /SUBSYSTEM:WINDOWS /OPT:REF /OPT:ICF /TLBID:1 /DYNAMICBASE:NO /IMPLIB:"Release\brwatch.lib" /MACHINE:X86 Release\main.res
         Release\cpusearch.obj
         Release\dlg_about.obj
         Release\dlg_axtraceconfig.obj
         Release\dlg_showpviobjects.obj
         Release\dlg_writepvar.obj
         Release\iphlp.obj
         Release\logger.obj
         Release\main.obj
         Release\mylistview.obj
         Release\mytreeview.obj
         Release\ping.obj
         Release\plot.obj
         Release\pvi_interface.obj
         Release\settings.obj
         Release\stringtools.obj
         Release\zip.obj
         PviCom.lib
         zlib.lib
         brwatch.vcxproj -> C:\Users\hilchenbachc\Documents\vcprojekte\brwatch\brwatch\Release\brwatch.exe
       Manifest:
         C:\Program Files (x86)\Microsoft SDKs\Windows\v7.0A\bin\mt.exe /nologo /verbose /outputresource:"C:\Users\hilchenbachc\Documents\vcprojekte\brwatch\brwatch\/brwatch.exe;#1" /manifest Release\brwatch.exe.intermediate.manifest
       FinalizeBuildStatus:
         Deleting file "Release\brwatch.unsuccessfulbuild".
         Touching "Release\brwatch.lastbuildstate".
     1>Done Building Project "C:\Users\hilchenbachc\Documents\vcprojekte\brwatch\brwatch\brwatch.vcxproj" (rebuild target(s)).

Build succeeded.

Time Elapsed 00:00:03.29
